2024-04-04 13:03:49,833 INFO o.a.j.u.JMeterUtils: Setting Locale to en_IN
2024-04-04 13:03:49,899 INFO o.a.j.JMeter: Loading user properties from: user.properties
2024-04-04 13:03:49,903 INFO o.a.j.JMeter: Loading system properties from: system.properties
2024-04-04 13:03:49,926 INFO o.a.j.JMeter: Copyright (c) 1998-2021 The Apache Software Foundation
2024-04-04 13:03:49,926 INFO o.a.j.JMeter: Version 5.4.1
2024-04-04 13:03:49,927 INFO o.a.j.JMeter: java.version=18.0.2
2024-04-04 13:03:49,927 INFO o.a.j.JMeter: java.vm.name=Java HotSpot(TM) 64-Bit Server VM
2024-04-04 13:03:49,927 INFO o.a.j.JMeter: os.name=Windows 11
2024-04-04 13:03:49,927 INFO o.a.j.JMeter: os.arch=amd64
2024-04-04 13:03:49,928 INFO o.a.j.JMeter: os.version=10.0
2024-04-04 13:03:49,928 INFO o.a.j.JMeter: file.encoding=UTF-8
2024-04-04 13:03:49,928 INFO o.a.j.JMeter: java.awt.headless=null
2024-04-04 13:03:49,929 INFO o.a.j.JMeter: Max memory     =4211081216
2024-04-04 13:03:49,930 INFO o.a.j.JMeter: Available Processors =8
2024-04-04 13:03:49,956 INFO o.a.j.JMeter: Default Locale=English (India)
2024-04-04 13:03:49,956 INFO o.a.j.JMeter: JMeter  Locale=English (India)
2024-04-04 13:03:49,957 INFO o.a.j.JMeter: JMeterHome=C:\Tools\apache-jmeter-5.4.1
2024-04-04 13:03:49,957 INFO o.a.j.JMeter: user.dir  =C:\Tools\apache-jmeter-5.4.1\bin
2024-04-04 13:03:49,958 INFO o.a.j.JMeter: PWD       =C:\Tools\apache-jmeter-5.4.1\bin
2024-04-04 13:03:49,974 INFO o.a.j.JMeter: IP: 10.25.130.237 Name: LT0133293 FullName: 10.25.130.237
2024-04-04 13:03:50,532 INFO o.a.j.JMeter: Setting LAF to: laf:com.sun.java.swing.plaf.windows.WindowsLookAndFeel
2024-04-04 13:03:51,232 INFO o.a.j.JMeter: Loaded icon properties from org/apache/jmeter/images/icon.properties
2024-04-04 13:03:57,267 WARN o.j.r.PluginManagerMenuCreator: Was unable to install pmgr cmdline tool
java.nio.file.NoSuchFileException: C:\Tools\bin\PluginsManagerCMD.bat
	at sun.nio.fs.WindowsException.translateToIOException(WindowsException.java:85) ~[?:?]
	at sun.nio.fs.WindowsException.rethrowAsIOException(WindowsException.java:103) ~[?:?]
	at sun.nio.fs.WindowsException.rethrowAsIOException(WindowsException.java:108) ~[?:?]
	at sun.nio.fs.WindowsFileSystemProvider.newByteChannel(WindowsFileSystemProvider.java:236) ~[?:?]
	at java.nio.file.spi.FileSystemProvider.newOutputStream(FileSystemProvider.java:484) ~[?:?]
	at java.nio.file.Files.newOutputStream(Files.java:228) ~[?:?]
	at java.nio.file.Files.copy(Files.java:3161) ~[?:?]
	at org.jmeterplugins.repository.PluginManagerCMDInstaller.writeOut(PluginManagerCMDInstaller.java:24) ~[jmeter-plugins-manager-1.9.jar:?]
	at org.jmeterplugins.repository.PluginManagerCMDInstaller.main(PluginManagerCMDInstaller.java:12) ~[jmeter-plugins-manager-1.9.jar:?]
	at org.jmeterplugins.repository.PluginManagerMenuCreator.getMenuItemsAtLocation(PluginManagerMenuCreator.java:16) [jmeter-plugins-manager-1.9.jar:?]
	at org.apache.jmeter.gui.util.JMeterMenuBar.addPluginsMenuItems(JMeterMenuBar.java:595) [ApacheJMeter_core.jar:5.4.1]
	at org.apache.jmeter.gui.util.JMeterMenuBar.makeOptionsMenu(JMeterMenuBar.java:342) [ApacheJMeter_core.jar:5.4.1]
	at org.apache.jmeter.gui.util.JMeterMenuBar.createMenuBar(JMeterMenuBar.java:202) [ApacheJMeter_core.jar:5.4.1]
	at org.apache.jmeter.gui.util.JMeterMenuBar.<init>(JMeterMenuBar.java:117) [ApacheJMeter_core.jar:5.4.1]
	at org.apache.jmeter.gui.MainFrame.init(MainFrame.java:515) [ApacheJMeter_core.jar:5.4.1]
	at org.apache.jmeter.gui.MainFrame.<init>(MainFrame.java:232) [ApacheJMeter_core.jar:5.4.1]
	at org.apache.jmeter.JMeter.startGui(JMeter.java:410) [ApacheJMeter_core.jar:5.4.1]
	at org.apache.jmeter.JMeter.start(JMeter.java:560) [ApacheJMeter_core.jar:5.4.1]
	at jdk.internal.reflect.DirectMethodHandleAccessor.invoke(DirectMethodHandleAccessor.java:104) ~[?:?]
	at java.lang.reflect.Method.invoke(Method.java:577) ~[?:?]
	at org.apache.jmeter.NewDriver.main(NewDriver.java:254) [ApacheJMeter.jar:5.4.1]
2024-04-04 13:03:57,425 WARN o.j.r.PluginManager: Found JAR conflict: C:\Tools\apache-jmeter-5.4.1\lib\jmeter-plugins-cmn-jmeter-0.7.jar and C:\Tools\apache-jmeter-5.4.1\lib\jmeter-plugins-cmn-jmeter-0.4.jar
2024-04-04 13:03:57,425 WARN o.j.r.PluginManager: Found JAR conflict: C:\Tools\apache-jmeter-5.4.1\lib\ext\jmeter-plugins-manager-0.20.jar and C:\Tools\apache-jmeter-5.4.1\lib\jmeter-plugins-manager-1.9.jar
2024-04-04 13:03:57,425 WARN o.j.r.PluginManager: Found JAR conflict: C:\Tools\apache-jmeter-5.4.1\lib\ext\jmeter-plugins-manager-1.7.jar and C:\Tools\apache-jmeter-5.4.1\lib\ext\jmeter-plugins-manager-0.20.jar
2024-04-04 13:03:57,425 WARN o.j.r.PluginManager: Found JAR conflict: C:\Tools\apache-jmeter-5.4.1\lib\ext\jmeter-plugins-manager-1.8.jar and C:\Tools\apache-jmeter-5.4.1\lib\ext\jmeter-plugins-manager-1.7.jar
2024-04-04 13:03:57,425 WARN o.j.r.PluginManager: Found JAR conflict: C:\Tools\apache-jmeter-5.4.1\lib\ext\jmeter-plugins-manager-1.9 (1).jar and C:\Tools\apache-jmeter-5.4.1\lib\ext\jmeter-plugins-manager-1.8.jar
2024-04-04 13:03:57,425 WARN o.j.r.PluginManager: Found JAR conflict: C:\Tools\apache-jmeter-5.4.1\lib\ext\jmeter-plugins-manager-1.9.jar and C:\Tools\apache-jmeter-5.4.1\lib\ext\jmeter-plugins-manager-1.9 (1).jar
2024-04-04 13:03:59,403 INFO o.j.r.JARSourceHTTP: Requesting https://jmeter-plugins.org/repo/?installID=windows_11-c2a5a1cd26e8b01df09edfe00871538d-gui
2024-04-04 13:04:33,529 WARN o.j.r.PluginManagerMenuItem: Failed to load plugin updates info
java.net.SocketTimeoutException: Read timed out
	at sun.nio.ch.NioSocketImpl.timedRead(NioSocketImpl.java:280) ~[?:?]
	at sun.nio.ch.NioSocketImpl.implRead(NioSocketImpl.java:306) ~[?:?]
	at sun.nio.ch.NioSocketImpl.read(NioSocketImpl.java:347) ~[?:?]
	at sun.nio.ch.NioSocketImpl$1.read(NioSocketImpl.java:800) ~[?:?]
	at java.net.Socket$SocketInputStream.read(Socket.java:966) ~[?:?]
	at sun.security.ssl.SSLSocketInputRecord.read(SSLSocketInputRecord.java:478) ~[?:?]
	at sun.security.ssl.SSLSocketInputRecord.readHeader(SSLSocketInputRecord.java:472) ~[?:?]
	at sun.security.ssl.SSLSocketInputRecord.decode(SSLSocketInputRecord.java:160) ~[?:?]
	at sun.security.ssl.SSLTransport.decode(SSLTransport.java:111) ~[?:?]
	at sun.security.ssl.SSLSocketImpl.decode(SSLSocketImpl.java:1505) ~[?:?]
	at sun.security.ssl.SSLSocketImpl.readHandshakeRecord(SSLSocketImpl.java:1420) ~[?:?]
	at sun.security.ssl.SSLSocketImpl.startHandshake(SSLSocketImpl.java:455) ~[?:?]
	at sun.security.ssl.SSLSocketImpl.startHandshake(SSLSocketImpl.java:426) ~[?:?]
	at org.apache.http.conn.ssl.SSLSocketFactory.createLayeredSocket(SSLSocketFactory.java:570) ~[httpclient-4.5.12.jar:4.5.12]
	at org.apache.http.conn.ssl.SSLSocketFactory.connectSocket(SSLSocketFactory.java:554) ~[httpclient-4.5.12.jar:4.5.12]
	at org.apache.http.conn.ssl.SSLSocketFactory.connectSocket(SSLSocketFactory.java:415) ~[httpclient-4.5.12.jar:4.5.12]
	at org.apache.http.impl.conn.DefaultClientConnectionOperator.openConnection(DefaultClientConnectionOperator.java:180) ~[httpclient-4.5.12.jar:4.5.12]
	at org.apache.http.impl.conn.ManagedClientConnectionImpl.open(ManagedClientConnectionImpl.java:326) ~[httpclient-4.5.12.jar:4.5.12]
	at org.apache.http.impl.client.DefaultRequestDirector.tryConnect(DefaultRequestDirector.java:605) ~[httpclient-4.5.12.jar:4.5.12]
	at org.apache.http.impl.client.DefaultRequestDirector.execute(DefaultRequestDirector.java:440) ~[httpclient-4.5.12.jar:4.5.12]
	at org.apache.http.impl.client.AbstractHttpClient.doExecute(AbstractHttpClient.java:835) ~[httpclient-4.5.12.jar:4.5.12]
	at org.apache.http.impl.client.CloseableHttpClient.execute(CloseableHttpClient.java:83) ~[httpclient-4.5.12.jar:4.5.12]
	at org.apache.http.impl.client.CloseableHttpClient.execute(CloseableHttpClient.java:56) ~[httpclient-4.5.12.jar:4.5.12]
	at org.jmeterplugins.repository.JARSourceHTTP.execute(JARSourceHTTP.java:499) ~[jmeter-plugins-manager-1.9.jar:?]
	at org.jmeterplugins.repository.JARSourceHTTP.execute(JARSourceHTTP.java:494) ~[jmeter-plugins-manager-1.9.jar:?]
	at org.jmeterplugins.repository.JARSourceHTTP.getJSON(JARSourceHTTP.java:152) ~[jmeter-plugins-manager-1.9.jar:?]
	at org.jmeterplugins.repository.JARSourceHTTP.getRepositories(JARSourceHTTP.java:276) ~[jmeter-plugins-manager-1.9.jar:?]
	at org.jmeterplugins.repository.JARSourceHTTP.getRepo(JARSourceHTTP.java:304) ~[jmeter-plugins-manager-1.9.jar:?]
	at org.jmeterplugins.repository.PluginManager.load(PluginManager.java:71) ~[jmeter-plugins-manager-1.9.jar:?]
	at org.jmeterplugins.repository.PluginManagerMenuItem$1.run(PluginManagerMenuItem.java:38) [jmeter-plugins-manager-1.9.jar:?]
2024-04-04 13:04:38,588 INFO o.a.j.s.FileServer: Default base='C:\Tools\apache-jmeter-5.4.1\bin'
2024-04-04 13:04:38,588 INFO o.a.j.g.a.Load: Loading file: C:\Enterprise QA\BRMS\BRMS_Auth.jmx
2024-04-04 13:04:38,588 INFO o.a.j.s.FileServer: Set new base='C:\Enterprise QA\BRMS'
2024-04-04 13:04:39,311 INFO o.a.j.s.SaveService: Testplan (JMX) version: 2.2. Testlog (JTL) version: 2.2
2024-04-04 13:04:39,358 INFO o.a.j.s.SaveService: Using SaveService properties version 5.0
2024-04-04 13:04:39,374 INFO o.a.j.s.SaveService: Using SaveService properties file encoding UTF-8
2024-04-04 13:04:39,374 INFO o.a.j.s.SaveService: Loading file: C:\Enterprise QA\BRMS\BRMS_Auth.jmx
2024-04-04 13:04:39,719 INFO o.a.j.p.h.s.HTTPSamplerBase: Parser for text/html is org.apache.jmeter.protocol.http.parser.LagartoBasedHtmlParser
2024-04-04 13:04:39,719 INFO o.a.j.p.h.s.HTTPSamplerBase: Parser for application/xhtml+xml is org.apache.jmeter.protocol.http.parser.LagartoBasedHtmlParser
2024-04-04 13:04:39,719 INFO o.a.j.p.h.s.HTTPSamplerBase: Parser for application/xml is org.apache.jmeter.protocol.http.parser.LagartoBasedHtmlParser
2024-04-04 13:04:39,719 INFO o.a.j.p.h.s.HTTPSamplerBase: Parser for text/xml is org.apache.jmeter.protocol.http.parser.LagartoBasedHtmlParser
2024-04-04 13:04:39,719 INFO o.a.j.p.h.s.HTTPSamplerBase: Parser for text/vnd.wap.wml is org.apache.jmeter.protocol.http.parser.RegexpHTMLParser
2024-04-04 13:04:39,719 INFO o.a.j.p.h.s.HTTPSamplerBase: Parser for text/css is org.apache.jmeter.protocol.http.parser.CssParser
2024-04-04 13:04:40,143 INFO o.a.j.s.SampleResult: Note: Sample TimeStamps are START times
2024-04-04 13:04:40,143 INFO o.a.j.s.SampleResult: sampleresult.default.encoding is set to ISO-8859-1
2024-04-04 13:04:40,143 INFO o.a.j.s.SampleResult: sampleresult.useNanoTime=true
2024-04-04 13:04:40,143 INFO o.a.j.s.SampleResult: sampleresult.nanoThreadSleep=5000
2024-04-04 13:04:40,513 INFO o.a.j.v.ViewResultsFullVisualizer: Add JavaFX to your Java installation if you want to use renderer: org.apache.jmeter.visualizers.RenderInBrowser
2024-04-04 13:04:40,954 INFO o.a.j.s.FileServer: Set new base='C:\Enterprise QA\BRMS'
2024-04-04 13:05:59,420 INFO o.a.j.g.a.Load: Loading file: C:\Users\Rachana.Jadhav\Downloads\F866_SIT_Direct_Access 1.jmx
2024-04-04 13:05:59,420 INFO o.a.j.s.FileServer: Set new base='C:\Users\Rachana.Jadhav\Downloads'
2024-04-04 13:05:59,420 INFO o.a.j.s.SaveService: Loading file: C:\Users\Rachana.Jadhav\Downloads\F866_SIT_Direct_Access 1.jmx
2024-04-04 13:05:59,672 INFO o.a.j.v.ViewResultsFullVisualizer: Add JavaFX to your Java installation if you want to use renderer: org.apache.jmeter.visualizers.RenderInBrowser
2024-04-04 13:05:59,782 INFO o.a.j.s.FileServer: Set new base='C:\Users\Rachana.Jadhav\Downloads'
